<?xml version="1.0" encoding="UTF-8"?>
<robot generator="Robot 6.1.1 (Python 3.12.1 on win32)" generated="20250702 21:22:14.855" rpa="false" schemaversion="4">
<suite id="s1" name="Login Test" source="C:\Users\nkcha\PycharmProjects\robot_pom_framework\tests\login_test.robot">
<test id="s1-t1" name="Echo Environment" line="10">
<kw name="Log" library="BuiltIn">
<arg>${LOGIN_URL}</arg>
<doc>Logs the given message with the given level.</doc>
<msg timestamp="20250702 21:22:15.168" level="FAIL">Variable '${LOGIN_URL}' not found.</msg>
<status status="FAIL" starttime="20250702 21:22:15.167" endtime="20250702 21:22:15.168"/>
</kw>
<status status="FAIL" starttime="20250702 21:22:15.166" endtime="20250702 21:22:15.169">Variable '${LOGIN_URL}' not found.</status>
</test>
<status status="FAIL" starttime="20250702 21:22:14.858" endtime="20250702 21:22:15.171"/>
</suite>
<statistics>
<total>
<stat pass="0" fail="1" skip="0">All Tests</stat>
</total>
<tag>
</tag>
<suite>
<stat pass="0" fail="1" skip="0" id="s1" name="Login Test">Login Test</stat>
</suite>
</statistics>
<errors>
<msg timestamp="20250702 21:22:15.161" level="ERROR">Error in file 'C:\Users\nkcha\PycharmProjects\robot_pom_framework\tests\login_test.robot' on line 3: Error in file 'C:\Users\nkcha\PycharmProjects\robot_pom_framework\keywords\LoginKeywords.robot' on line 4: Resource file with 'Test Cases' section is invalid.</msg>
<msg timestamp="20250702 21:22:15.165" level="ERROR">Error in file 'C:\Users\nkcha\PycharmProjects\robot_pom_framework\tests\login_test.robot' on line 4: Processing variable file '../variables/global_vars.robot' failed: Importing variable file '../variables/global_vars.robot' failed: ModuleNotFoundError: No module named '.'
Traceback (most recent call last):
  None
PYTHONPATH:
  C:\Users\nkcha\AppData\Local\Programs\Python\Python312\Scripts\robot.exe
  C:\Users\nkcha\AppData\Local\Programs\Python\Python312\python312.zip
  C:\Users\nkcha\AppData\Local\Programs\Python\Python312\DLLs
  C:\Users\nkcha\AppData\Local\Programs\Python\Python312\Lib
  C:\Users\nkcha\AppData\Local\Programs\Python\Python312
  C:\Users\nkcha\AppData\Local\Programs\Python\Python312\Lib\site-packages</msg>
</errors>
</robot>
